<?xml version="1.0" encoding="UTF-8"?>
<testsuite xmlns:xsi="http://www.w3.org/2001/XMLSchema-instance" xsi:noNamespaceSchemaLocation="https://maven.apache.org/surefire/maven-surefire-plugin/xsd/surefire-test-report.xsd" version="3.0.1" name="migration.P2PMigrationTests" time="0.047" tests="8" errors="0" skipped="0" failures="0">
  <properties>
[...]
</properties>
  <testcase name="testBoidSteersTowardNode" classname="migration.P2PMigrationTests" time="0.004"/>
  <testcase name="testSafeZoneImmunityFromDeath" classname="migration.P2PMigrationTests" time="0.005"/>
  <testcase name="testLeaderAssignedOnInit" classname="migration.P2PMigrationTests" time="0.002"/>
  <testcase name="testSeparationPushesBoidApart" classname="migration.P2PMigrationTests" time="0.003"/>
  <testcase name="testBoidSteersTowardOwnLeader" classname="migration.P2PMigrationTests" time="0.003"/>
  <testcase name="testSpeedClamping" classname="migration.P2PMigrationTests" time="0.005"/>
  <testcase name="testEdgeTurningPushesAwayFromWall" classname="migration.P2PMigrationTests" time="0.004"/>
  <testcase name="testBoidIgnoresOtherGroupLeader" classname="migration.P2PMigrationTests" time="0.005"/>
</testsuite>